Total send rate:                                     1.51Mb     1.14Mb     1.14Mb
Total send rate:                                     1.52Mb     1.27Mb     1.27Mb
Total send rate:                                     1.52Mb     1.33Mb     1.33Mb
Total send rate:                                     1.52Mb     1.37Mb     1.37Mb
Total send rate:                                     1.52Mb     1.52Mb     1.39Mb
Total send rate:                                     1.52Mb     1.52Mb     1.41Mb
Total send rate:                                     1.53Mb     1.52Mb     1.43Mb
Total send rate:                                     1.51Mb     1.52Mb     1.44Mb
Total send rate:                                     1.52Mb     1.52Mb     1.44Mb
Total send rate:                                     1.52Mb     1.52Mb     1.45Mb
Total send rate:                                     1.52Mb     1.52Mb     1.46Mb
Total send rate:                                     1.53Mb     1.52Mb     1.46Mb
Total send rate:                                     1.52Mb     1.52Mb     1.47Mb
Total send rate:                                     1.52Mb     1.52Mb     1.47Mb
Total send rate:                                     1.51Mb     1.52Mb     1.47Mb
Total send rate:                                     1.52Mb     1.52Mb     1.48Mb
Total send rate:                                     1.52Mb     1.52Mb     1.48Mb
Total send rate:                                     1.52Mb     1.52Mb     1.48Mb
Total send rate:                                     1.52Mb     1.52Mb     1.48Mb
Total send rate:                                     1.52Mb     1.52Mb     1.52Mb
Total send rate:                                     1.52Mb     1.52Mb     1.52Mb
Total send rate:                                     1.52Mb     1.52Mb     1.52Mb
Total send rate:                                     1.52Mb     1.52Mb     1.52Mb
Total send rate:                                     1.53Mb     1.52Mb     1.52Mb
Total send rate:                                     1.51Mb     1.52Mb     1.52Mb
Total send rate:                                     1.52Mb     1.52Mb     1.52Mb
Total send rate:                                      449Kb     1.31Mb     1.47Mb
Total send rate:                                      920Kb     1.18Mb     1.44Mb
Total send rate:                                     1.52Mb     1.18Mb     1.44Mb
Total send rate:                                     43.3Kb      906Kb     1.36Mb
Total send rate:                                     1.27Mb      854Kb     1.35Mb
Total send rate:                                     1.52Mb     1.05Mb     1.35Mb
Total send rate:                                     1.51Mb     1.17Mb     1.35Mb
Total send rate:                                      562Kb     0.98Mb     1.30Mb
Total send rate:                                      817Kb     1.13Mb     1.26Mb
Total send rate:                                     1.52Mb     1.18Mb     1.26Mb
Total send rate:                                     1.53Mb     1.18Mb     1.26Mb
Total send rate:                                     1.52Mb     1.18Mb     1.26Mb
Total send rate:                                     1.51Mb     1.38Mb     1.26Mb
Total send rate:                                     1.52Mb     1.52Mb     1.26Mb
Total send rate:                                     1.24Mb     1.47Mb     1.25Mb
Total send rate:                                      875Kb     1.33Mb     1.22Mb
Total send rate:                                     1.52Mb     1.33Mb     1.22Mb
Total send rate:                                     1.52Mb     1.33Mb     1.22Mb
Total send rate:                                     1.51Mb     1.33Mb     1.22Mb
Total send rate:                                     1.52Mb     1.39Mb     1.22Mb
Total send rate:                                     1.52Mb     1.52Mb     1.27Mb
Total send rate:                                     1.51Mb     1.52Mb     1.30Mb
Total send rate:                                     1.53Mb     1.52Mb     1.30Mb
Total send rate:                                     1.06Mb     1.43Mb     1.35Mb
Total send rate:                                     1.01Mb     1.33Mb     1.34Mb
Total send rate:                                     1.52Mb     1.33Mb     1.34Mb
Total send rate:                                     1.52Mb     1.33Mb     1.34Mb
Total send rate:                                     1.52Mb     1.33Mb     1.39Mb
Total send rate:                                      859Kb     1.28Mb     1.39Mb
Total send rate:                                     1.24Mb     1.33Mb     1.38Mb
Total send rate:                                     1.53Mb     1.33Mb     1.38Mb
Total send rate:                                     1.52Mb     1.33Mb     1.38Mb
Total send rate:                                     1.53Mb     1.33Mb     1.38Mb
Total send rate:                                      288Kb     1.22Mb     1.32Mb
Total send rate:                                     0.99Mb     1.17Mb     1.30Mb
Total send rate:                                     1.52Mb     1.17Mb     1.34Mb
Total send rate:                                     1.52Mb     1.17Mb     1.34Mb
Total send rate:                                     1.41Mb     1.14Mb     1.33Mb
Total send rate:                                     1.03Mb     1.29Mb     1.31Mb
Total send rate:                                     1.52Mb     1.40Mb     1.31Mb
Total send rate:                                     1.52Mb     1.40Mb     1.31Mb
Total send rate:                                     1.53Mb     1.40Mb     1.31Mb
Total send rate:                                     1.06Mb     1.33Mb     1.28Mb
Total send rate:                                     1.44Mb     1.41Mb     1.30Mb
Total send rate:                                     1.52Mb     1.41Mb     1.33Mb
Total send rate:                                     1.08Mb     1.33Mb     1.31Mb
Total send rate:                                     1.32Mb     1.29Mb     1.30Mb
Total send rate:                                     1.52Mb     1.38Mb     1.30Mb
Total send rate:                                     1.52Mb     1.39Mb     1.33Mb
Total send rate:                                     1.53Mb     1.39Mb     1.34Mb
Total send rate:                                     1.52Mb     1.48Mb     1.34Mb
Total send rate:                                      784Kb     1.37Mb     1.31Mb
Total send rate:                                     1.52Mb     1.37Mb     1.31Mb
Total send rate:                                     1.52Mb     1.37Mb     1.37Mb
Total send rate:                                     1.52Mb     1.37Mb     1.39Mb
Total send rate:                                      673Kb     1.20Mb     1.35Mb
Total send rate:                                      782Kb     1.20Mb     1.31Mb
Total send rate:                                     1.52Mb     1.20Mb     1.32Mb
Total send rate:                                     1.53Mb     1.20Mb     1.34Mb
Total send rate:                                      382Kb      991Kb     1.29Mb
Total send rate:                                     1.06Mb     1.05Mb     1.26Mb
Total send rate:                                     1.52Mb     1.20Mb     1.26Mb
Total send rate:                                     1.52Mb     1.20Mb     1.29Mb
Total send rate:                                     1.52Mb     1.20Mb     1.29Mb
Total send rate:                                      779Kb     1.28Mb     1.25Mb
Total send rate:                                     1.49Mb     1.36Mb     1.27Mb
Total send rate:                                     1.52Mb     1.36Mb     1.28Mb
Total send rate:                                     1.52Mb     1.36Mb     1.28Mb
Total send rate:                                     1.52Mb     1.36Mb     1.28Mb
Total send rate:                                     1.53Mb     1.52Mb     1.28Mb
Total send rate:                                      773Kb     1.37Mb     1.24Mb
Total send rate:                                     1.00Mb     1.26Mb     1.26Mb
Total send rate:                                     1.32Mb     1.22Mb     1.25Mb
Total send rate:                                     1.51Mb     1.22Mb     1.25Mb
Total send rate:                                     1.52Mb     1.22Mb     1.25Mb
Total send rate:                                     2.66Kb     1.07Mb     1.21Mb
Total send rate:                                      840Kb     1.04Mb     1.22Mb
Total send rate:                                     1.51Mb     1.07Mb     1.22Mb
Total send rate:                                     1.52Mb     1.08Mb     1.22Mb
Total send rate:                                     1.52Mb     1.08Mb     1.27Mb
Total send rate:                                     1.51Mb     1.38Mb     1.30Mb
Total send rate:                                     1.53Mb     1.52Mb     1.30Mb
Total send rate:                                     1.52Mb     1.52Mb     1.30Mb
Total send rate:                                     1.52Mb     1.52Mb     1.30Mb
Total send rate:                                      564Kb     1.33Mb     1.29Mb
Total send rate:                                     0.99Mb     1.22Mb     1.26Mb
Total send rate:                                     1.52Mb     1.22Mb     1.26Mb
Total send rate:                                     1.51Mb     1.22Mb     1.26Mb
Total send rate:                                      245Kb      986Kb     1.20Mb
Total send rate:                                     1.33Mb     1.12Mb     1.19Mb
Total send rate:                                     1.52Mb     1.22Mb     1.22Mb
Total send rate:                                     1.53Mb     1.23Mb     1.25Mb
Total send rate:                                     1.52Mb     1.23Mb     1.26Mb
Total send rate:                                     1.52Mb     1.48Mb     1.26Mb
Total send rate:                                      477Kb     1.31Mb     1.21Mb
Total send rate:                                     1.07Mb     1.22Mb     1.26Mb
Total send rate:                                     1.51Mb     1.22Mb     1.30Mb
Total send rate:                                     1.53Mb     1.22Mb     1.30Mb
Total send rate:                                     1.51Mb     1.22Mb     1.30Mb
Total send rate:                                     1.52Mb     1.43Mb     1.30Mb
Total send rate:                                     1.53Mb     1.52Mb     1.30Mb
Total send rate:                                     1.11Mb     1.44Mb     1.28Mb
Total send rate:                                     1.36Mb     1.41Mb     1.27Mb
Total send rate:                                     1.53Mb     1.41Mb     1.27Mb
Total send rate:                                     1.52Mb     1.41Mb     1.32Mb
Total send rate:                                     1.51Mb     1.41Mb     1.34Mb
Total send rate:                                     1.53Mb     1.49Mb     1.34Mb
Total send rate:                                      457Kb     1.31Mb     1.29Mb
Total send rate:                                      737Kb     1.15Mb     1.31Mb
Total send rate:                                     1.53Mb     1.15Mb     1.32Mb
Total send rate:                                     1.52Mb     1.15Mb     1.32Mb
Total send rate:                                     1.52Mb     1.15Mb     1.32Mb
Total send rate:                                     1.52Mb     1.36Mb     1.32Mb
Total send rate:                                     1.52Mb     1.52Mb     1.32Mb
Total send rate:                                     1.52Mb     1.52Mb     1.38Mb
Total send rate:                                     1.52Mb     1.52Mb     1.40Mb
Total send rate:                                     16.5Kb     1.22Mb     1.32Mb
Total send rate:                                      990Kb     1.11Mb     1.30Mb
Total send rate:                                     1.52Mb     1.11Mb     1.30Mb
Total send rate:                                     1.52Mb     1.11Mb     1.30Mb
Total send rate:                                     1.53Mb     1.11Mb     1.30Mb
Total send rate:                                     1.52Mb     1.41Mb     1.32Mb
Total send rate:                                     1.52Mb     1.52Mb     1.32Mb
Total send rate:                                     1.53Mb     1.52Mb     1.32Mb
Total send rate:                                      485Kb     1.31Mb     1.27Mb
Total send rate:                                     1.50Mb     1.31Mb     1.27Mb
Total send rate:                                     1.52Mb     1.31Mb     1.27Mb
Total send rate:                                     1.52Mb     1.31Mb     1.33Mb
Total send rate:                                      384Kb     1.08Mb     1.31Mb
Total send rate:                                     1.46Mb     1.28Mb     1.30Mb
Total send rate:                                     1.52Mb     1.28Mb     1.30Mb
Total send rate:                                      282Kb     1.03Mb     1.24Mb
Total send rate:                                     1.12Mb      974Kb     1.22Mb
Total send rate:                                     1.52Mb     1.18Mb     1.22Mb
Total send rate:                                     1.23Mb     1.14Mb     1.21Mb
Total send rate:                                     1.09Mb     1.05Mb     1.19Mb
Total send rate:                                     1.53Mb     1.30Mb     1.26Mb
Total send rate:                                     1.52Mb     1.38Mb     1.29Mb
Total send rate:                                     1.53Mb     1.38Mb     1.29Mb
Total send rate:                                     1.52Mb     1.44Mb     1.29Mb
Total send rate:                                     1.08Mb     1.43Mb     1.27Mb
Total send rate:                                     1.26Mb     1.38Mb     1.25Mb
Total send rate:                                     1.52Mb     1.38Mb     1.25Mb
Total send rate:                                     1.52Mb     1.38Mb     1.25Mb
Total send rate:                                     1.52Mb     1.38Mb     1.31Mb
Total send rate:                                     1.52Mb     1.47Mb     1.31Mb
Total send rate:                                     1.52Mb     1.52Mb     1.31Mb
Total send rate:                                      976Kb     1.41Mb     1.28Mb
Total send rate:                                     1.43Mb     1.39Mb     1.33Mb
Total send rate:                                     1.52Mb     1.39Mb     1.33Mb
Total send rate:                                     1.52Mb     1.39Mb     1.33Mb
Total send rate:                                     1.52Mb     1.39Mb     1.40Mb
Total send rate:                                     1.52Mb     1.50Mb     1.42Mb
Total send rate:                                     1.52Mb     1.52Mb     1.42Mb
Total send rate:                                      393Kb     1.29Mb     1.37Mb
Total send rate:                                     1.27Mb     1.24Mb     1.38Mb
Total send rate:                                     1.52Mb     1.24Mb     1.38Mb
Total send rate:                                      957Kb     1.13Mb     1.35Mb
Total send rate:                                     1.50Mb     1.12Mb     1.35Mb
Total send rate:                                     1.51Mb     1.35Mb     1.35Mb
Total send rate:                                     1.52Mb     1.40Mb     1.37Mb
Total send rate:                                     1.53Mb     1.40Mb     1.39Mb
Total send rate:                                     1.52Mb     1.52Mb     1.39Mb
Total send rate:                                     1.52Mb     1.52Mb     1.39Mb
Total send rate:                                      783Kb     1.37Mb     1.35Mb
Total send rate:                                      504Kb     1.16Mb     1.30Mb
Total send rate:                                      863Kb     1.03Mb     1.26Mb
Total send rate:                                     1.52Mb     1.03Mb     1.29Mb
Total send rate:                                     1.53Mb     1.03Mb     1.30Mb
Total send rate:                                     1.51Mb     1.18Mb     1.30Mb
Total send rate:                                     1.53Mb     1.39Mb     1.30Mb
Total send rate:                                     1.52Mb     1.52Mb     1.30Mb
Total send rate:                                     1.51Mb     1.52Mb     1.30Mb
Total send rate:                                     1.52Mb     1.52Mb     1.30Mb
Total send rate:                                      715Kb     1.36Mb     1.31Mb
Total send rate:                                     1.52Mb     1.35Mb     1.33Mb
Total send rate:                                     1.52Mb     1.35Mb     1.33Mb
Total send rate:                                     1.52Mb     1.35Mb     1.35Mb
Total send rate:                                     1.53Mb     1.36Mb     1.36Mb
Total send rate:                                     1.52Mb     1.52Mb     1.36Mb
Total send rate:                                     1.52Mb     1.52Mb     1.36Mb
Total send rate:                                     1.52Mb     1.52Mb     1.36Mb
Total send rate:                                     1.52Mb     1.52Mb     1.36Mb
Total send rate:                                     1.53Mb     1.52Mb     1.36Mb
Total send rate:                                     1.51Mb     1.52Mb     1.39Mb
Total send rate:                                      783Kb     1.37Mb     1.41Mb
Total send rate:                                     1.52Mb     1.37Mb     1.44Mb
Total send rate:                                     1.52Mb     1.37Mb     1.44Mb
Total send rate:                                     1.53Mb     1.37Mb     1.44Mb
Total send rate:                                     1.52Mb     1.37Mb     1.44Mb
Total send rate:                                     1.52Mb     1.52Mb     1.44Mb
Total send rate:                                     1.52Mb     1.52Mb     1.44Mb
Total send rate:                                     1.52Mb     1.52Mb     1.44Mb
Total send rate:                                     1.52Mb     1.52Mb     1.44Mb
Total send rate:                                     1.53Mb     1.52Mb     1.48Mb
Total send rate:                                     1.52Mb     1.52Mb     1.48Mb
Total send rate:                                     1.52Mb     1.52Mb     1.48Mb
Total send rate:                                     1.53Mb     1.52Mb     1.48Mb
Total send rate:                                     1.52Mb     1.52Mb     1.48Mb
Total send rate:                                     1.52Mb     1.52Mb     1.48Mb
Total send rate:                                     1.52Mb     1.52Mb     1.48Mb
Total send rate:                                     1.52Mb     1.52Mb     1.48Mb
Total send rate:                                     1.52Mb     1.52Mb     1.48Mb
Total send rate:                                     1.51Mb     1.52Mb     1.48Mb
Total send rate:                                      234Kb     1.26Mb     1.42Mb
Total send rate:                                     1.50Mb     1.25Mb     1.45Mb
Total send rate:                                     1.53Mb     1.26Mb     1.45Mb
Total send rate:                                     1.52Mb     1.26Mb     1.45Mb
Total send rate:                                     1.53Mb     1.26Mb     1.45Mb
Total send rate:                                     1.52Mb     1.52Mb     1.46Mb
Total send rate:                                     1.52Mb     1.52Mb     1.45Mb
Total send rate:                                     1.52Mb     1.52Mb     1.45Mb
Total send rate:                                     1.52Mb     1.52Mb     1.45Mb
Total send rate:                                     1.52Mb     1.52Mb     1.45Mb
Total send rate:                                     1.51Mb     1.52Mb     1.45Mb
Total send rate:                                      964Kb     1.40Mb     1.43Mb
Total send rate:                                     1.47Mb     1.39Mb     1.42Mb
Total send rate:                                     1.52Mb     1.39Mb     1.42Mb
Total send rate:                                     1.52Mb     1.39Mb     1.42Mb
Total send rate:                                     1.52Mb     1.39Mb     1.42Mb
Total send rate:                                     1.10Mb     1.43Mb     1.40Mb
Total send rate:                                      596Kb     1.25Mb     1.35Mb
Total send rate:                                     1.21Mb     1.19Mb     1.34Mb
Total send rate:                                     1.51Mb     1.19Mb     1.34Mb
Total send rate:                                     1.52Mb     1.19Mb     1.40Mb
Total send rate:                                     1.53Mb     1.27Mb     1.41Mb
Total send rate:                                     1.07Mb     1.37Mb     1.38Mb
